{"/Users/xavierfabregat/Desktop/PersonalProjects/ProxyNPM/src/index.ts": {"path":"/Users/xavierfabregat/Desktop/PersonalProjects/ProxyNPM/src/index.ts","all":false,"statementMap":{"0":{"start":{"line":1,"column":0},"end":{"line":1,"column":26}},"1":{"start":{"line":2,"column":0},"end":{"line":2,"column":109}},"2":{"start":{"line":3,"column":0},"end":{"line":3,"column":1}},"3":{"start":{"line":4,"column":0},"end":{"line":4,"column":0}},"4":{"start":{"line":5,"column":0},"end":{"line":5,"column":26}},"5":{"start":{"line":6,"column":0},"end":{"line":6,"column":95}},"6":{"start":{"line":7,"column":0},"end":{"line":7,"column":1}},"7":{"start":{"line":8,"column":0},"end":{"line":8,"column":0}},"8":{"start":{"line":9,"column":0},"end":{"line":9,"column":23}},"9":{"start":{"line":10,"column":0},"end":{"line":10,"column":89}},"10":{"start":{"line":11,"column":0},"end":{"line":11,"column":1}},"11":{"start":{"line":12,"column":0},"end":{"line":12,"column":0}},"12":{"start":{"line":13,"column":0},"end":{"line":13,"column":81}},"13":{"start":{"line":14,"column":0},"end":{"line":14,"column":0}},"14":{"start":{"line":15,"column":0},"end":{"line":15,"column":60}},"15":{"start":{"line":16,"column":0},"end":{"line":16,"column":9}},"16":{"start":{"line":17,"column":0},"end":{"line":17,"column":23}},"17":{"start":{"line":18,"column":0},"end":{"line":18,"column":6}},"18":{"start":{"line":19,"column":0},"end":{"line":19,"column":36}},"19":{"start":{"line":20,"column":0},"end":{"line":20,"column":68}},"20":{"start":{"line":21,"column":0},"end":{"line":21,"column":36}},"21":{"start":{"line":22,"column":0},"end":{"line":22,"column":26}},"22":{"start":{"line":23,"column":0},"end":{"line":23,"column":36}},"23":{"start":{"line":24,"column":0},"end":{"line":24,"column":95}},"24":{"start":{"line":25,"column":0},"end":{"line":25,"column":81}},"25":{"start":{"line":26,"column":0},"end":{"line":26,"column":101}},"26":{"start":{"line":27,"column":0},"end":{"line":27,"column":38}},"27":{"start":{"line":28,"column":0},"end":{"line":28,"column":22}},"28":{"start":{"line":29,"column":0},"end":{"line":29,"column":9}},"29":{"start":{"line":30,"column":0},"end":{"line":30,"column":7}},"30":{"start":{"line":31,"column":0},"end":{"line":31,"column":32}},"31":{"start":{"line":32,"column":0},"end":{"line":32,"column":20}},"32":{"start":{"line":33,"column":0},"end":{"line":33,"column":7}},"33":{"start":{"line":34,"column":0},"end":{"line":34,"column":96}},"34":{"start":{"line":35,"column":0},"end":{"line":35,"column":79}},"35":{"start":{"line":36,"column":0},"end":{"line":36,"column":127}},"36":{"start":{"line":37,"column":0},"end":{"line":37,"column":47}},"37":{"start":{"line":38,"column":0},"end":{"line":38,"column":7}},"38":{"start":{"line":39,"column":0},"end":{"line":39,"column":18}},"39":{"start":{"line":40,"column":0},"end":{"line":40,"column":6}},"40":{"start":{"line":41,"column":0},"end":{"line":41,"column":51}},"41":{"start":{"line":42,"column":0},"end":{"line":42,"column":36}},"42":{"start":{"line":43,"column":0},"end":{"line":43,"column":72}},"43":{"start":{"line":44,"column":0},"end":{"line":44,"column":20}},"44":{"start":{"line":45,"column":0},"end":{"line":45,"column":7}},"45":{"start":{"line":46,"column":0},"end":{"line":46,"column":25}},"46":{"start":{"line":47,"column":0},"end":{"line":47,"column":96}},"47":{"start":{"line":48,"column":0},"end":{"line":48,"column":79}},"48":{"start":{"line":49,"column":0},"end":{"line":49,"column":104}},"49":{"start":{"line":50,"column":0},"end":{"line":50,"column":40}},"50":{"start":{"line":51,"column":0},"end":{"line":51,"column":7}},"51":{"start":{"line":52,"column":0},"end":{"line":52,"column":18}},"52":{"start":{"line":53,"column":0},"end":{"line":53,"column":5}},"53":{"start":{"line":54,"column":0},"end":{"line":54,"column":3}},"54":{"start":{"line":55,"column":0},"end":{"line":55,"column":33}},"55":{"start":{"line":56,"column":0},"end":{"line":56,"column":1}}},"s":{"0":1,"1":1,"2":1,"3":1,"4":1,"5":1,"6":1,"7":1,"8":1,"9":1,"10":1,"11":1,"12":1,"13":1,"14":1,"15":8,"16":8,"17":8,"18":8,"19":8,"20":14,"21":14,"22":14,"23":5,"24":5,"25":2,"26":2,"27":2,"28":2,"29":5,"30":14,"31":5,"32":5,"33":7,"34":14,"35":5,"36":5,"37":5,"38":7,"39":8,"40":8,"41":4,"42":4,"43":2,"44":2,"45":2,"46":2,"47":4,"48":2,"49":2,"50":2,"51":2,"52":2,"53":8,"54":8,"55":8},"branchMap":{"0":{"type":"branch","line":15,"loc":{"start":{"line":15,"column":6},"end":{"line":56,"column":1}},"locations":[{"start":{"line":15,"column":6},"end":{"line":56,"column":1}}]},"1":{"type":"branch","line":20,"loc":{"start":{"line":20,"column":4},"end":{"line":40,"column":5}},"locations":[{"start":{"line":20,"column":4},"end":{"line":40,"column":5}}]},"2":{"type":"branch","line":23,"loc":{"start":{"line":23,"column":35},"end":{"line":30,"column":7}},"locations":[{"start":{"line":23,"column":35},"end":{"line":30,"column":7}}]},"3":{"type":"branch","line":25,"loc":{"start":{"line":25,"column":33},"end":{"line":25,"column":78}},"locations":[{"start":{"line":25,"column":33},"end":{"line":25,"column":78}}]},"4":{"type":"branch","line":25,"loc":{"start":{"line":25,"column":80},"end":{"line":29,"column":9}},"locations":[{"start":{"line":25,"column":80},"end":{"line":29,"column":9}}]},"5":{"type":"branch","line":31,"loc":{"start":{"line":31,"column":-1},"end":{"line":31,"column":31}},"locations":[{"start":{"line":31,"column":-1},"end":{"line":31,"column":31}}]},"6":{"type":"branch","line":31,"loc":{"start":{"line":31,"column":31},"end":{"line":33,"column":7}},"locations":[{"start":{"line":31,"column":31},"end":{"line":33,"column":7}}]},"7":{"type":"branch","line":34,"loc":{"start":{"line":34,"column":-1},"end":{"line":35,"column":35}},"locations":[{"start":{"line":34,"column":-1},"end":{"line":35,"column":35}}]},"8":{"type":"branch","line":35,"loc":{"start":{"line":35,"column":31},"end":{"line":35,"column":76}},"locations":[{"start":{"line":35,"column":31},"end":{"line":35,"column":76}}]},"9":{"type":"branch","line":35,"loc":{"start":{"line":35,"column":78},"end":{"line":38,"column":7}},"locations":[{"start":{"line":35,"column":78},"end":{"line":38,"column":7}}]},"10":{"type":"branch","line":39,"loc":{"start":{"line":39,"column":-1},"end":{"line":40,"column":5}},"locations":[{"start":{"line":39,"column":-1},"end":{"line":40,"column":5}}]},"11":{"type":"branch","line":41,"loc":{"start":{"line":41,"column":4},"end":{"line":53,"column":5}},"locations":[{"start":{"line":41,"column":4},"end":{"line":53,"column":5}}]},"12":{"type":"branch","line":43,"loc":{"start":{"line":43,"column":35},"end":{"line":48,"column":76}},"locations":[{"start":{"line":43,"column":35},"end":{"line":48,"column":76}}]},"13":{"type":"branch","line":48,"loc":{"start":{"line":48,"column":78},"end":{"line":53,"column":5}},"locations":[{"start":{"line":48,"column":78},"end":{"line":53,"column":5}}]}},"b":{"0":[8],"1":[14],"2":[5],"3":[2],"4":[2],"5":[12],"6":[5],"7":[7],"8":[5],"9":[5],"10":[7],"11":[4],"12":[2],"13":[2]},"fnMap":{"0":{"name":"createProxy","decl":{"start":{"line":15,"column":6},"end":{"line":56,"column":1}},"loc":{"start":{"line":15,"column":6},"end":{"line":56,"column":1}},"line":15},"1":{"name":"set","decl":{"start":{"line":20,"column":4},"end":{"line":40,"column":5}},"loc":{"start":{"line":20,"column":4},"end":{"line":40,"column":5}},"line":20},"2":{"name":"deleteProperty","decl":{"start":{"line":41,"column":4},"end":{"line":53,"column":5}},"loc":{"start":{"line":41,"column":4},"end":{"line":53,"column":5}},"line":41}},"f":{"0":8,"1":14,"2":4}}
}
