{"total": {"lines":{"total":56,"covered":56,"skipped":0,"pct":100},"statements":{"total":56,"covered":56,"skipped":0,"pct":100},"functions":{"total":3,"covered":3,"skipped":0,"pct":100},"branches":{"total":14,"covered":14,"skipped":0,"pct":100},"branchesTrue":{"total":0,"covered":0,"skipped":0,"pct":"Unknown"}}
,"/Users/xavierfabregat/Desktop/PersonalProjects/ProxyNPM/src/index.ts": {"lines":{"total":56,"covered":56,"skipped":0,"pct":100},"functions":{"total":3,"covered":3,"skipped":0,"pct":100},"statements":{"total":56,"covered":56,"skipped":0,"pct":100},"branches":{"total":14,"covered":14,"skipped":0,"pct":100}}
}
