TN:
SF:src/index.ts
FN:15,createProxy
FN:20,set
FN:41,deleteProperty
FNF:3
FNH:3
FNDA:8,createProxy
FNDA:14,set
FNDA:4,deleteProperty
DA:1,1
DA:2,1
DA:3,1
DA:4,1
DA:5,1
DA:6,1
DA:7,1
DA:8,1
DA:9,1
DA:10,1
DA:11,1
DA:12,1
DA:13,1
DA:14,1
DA:15,1
DA:16,8
DA:17,8
DA:18,8
DA:19,8
DA:20,8
DA:21,14
DA:22,14
DA:23,14
DA:24,5
DA:25,5
DA:26,2
DA:27,2
DA:28,2
DA:29,2
DA:30,5
DA:31,14
DA:32,5
DA:33,5
DA:34,7
DA:35,14
DA:36,5
DA:37,5
DA:38,5
DA:39,7
DA:40,8
DA:41,8
DA:42,4
DA:43,4
DA:44,2
DA:45,2
DA:46,2
DA:47,2
DA:48,4
DA:49,2
DA:50,2
DA:51,2
DA:52,2
DA:53,2
DA:54,8
DA:55,8
DA:56,8
LF:56
LH:56
BRDA:15,0,0,8
BRDA:20,1,0,14
BRDA:23,2,0,5
BRDA:25,3,0,2
BRDA:25,4,0,2
BRDA:31,5,0,12
BRDA:31,6,0,5
BRDA:34,7,0,7
BRDA:35,8,0,5
BRDA:35,9,0,5
BRDA:39,10,0,7
BRDA:41,11,0,4
BRDA:43,12,0,2
BRDA:48,13,0,2
BRF:14
BRH:14
end_of_record
